[2020-07-14 17:48:12:1517][main] INFO  o.s.c.s.PostProcessorRegistrationDelegate$BeanPostProcessorChecker - Bean 'org.springframework.cloud.autoconfigure.ConfigurationPropertiesRebinderAutoConfiguration' of type [org.springframework.cloud.autoconfigure.ConfigurationPropertiesRebinderAutoConfiguration$$EnhancerBySpringCGLIB$$9fbf01d0] is not eligible for getting processed by all BeanPostProcessors (for example: not eligible for auto-proxying)
[2020-07-14 17:48:12:2050][main] INFO  com.ibiz.api.ApiApplication - The following profiles are active: local
[2020-07-14 17:48:14:3648][main] INFO  o.s.d.r.c.RepositoryConfigurationDelegate - Multiple Spring Data modules found, entering strict repository configuration mode!
[2020-07-14 17:48:14:3652][main] INFO  o.s.d.r.c.RepositoryConfigurationDelegate - Bootstrapping Spring Data repositories in DEFAULT mode.
[2020-07-14 17:48:14:3725][main] INFO  o.s.d.r.c.RepositoryConfigurationDelegate - Finished Spring Data repository scanning in 54ms. Found 0 repository interfaces.
[2020-07-14 17:48:14:3918][main] WARN  o.s.b.actuate.endpoint.EndpointId - Endpoint ID 'service-registry' contains invalid characters, please migrate to a valid format.
[2020-07-14 17:48:14:4077][main] WARN  o.m.s.mapper.ClassPathMapperScanner - No MyBatis mapper was found in '[com.ibiz.api]' package. Please check your configuration.
[2020-07-14 17:48:15:4188][main] INFO  o.s.c.context.scope.GenericScope - BeanFactory id=7e697e18-ff3f-3302-98d3-e361993d3b7c
[2020-07-14 17:48:15:4537][main] INFO  o.s.c.s.PostProcessorRegistrationDelegate$BeanPostProcessorChecker - Bean 'org.springframework.ws.config.annotation.DelegatingWsConfiguration' of type [org.springframework.ws.config.annotation.DelegatingWsConfiguration$$EnhancerBySpringCGLIB$$283cc3d2] is not eligible for getting processed by all BeanPostProcessors (for example: not eligible for auto-proxying)
[2020-07-14 17:48:15:4580][main] INFO  o.s.w.s.a.s.AnnotationActionEndpointMapping - Supporting [WS-Addressing August 2004, WS-Addressing 1.0]
[2020-07-14 17:48:15:4604][main] INFO  o.s.c.s.PostProcessorRegistrationDelegate$BeanPostProcessorChecker - Bean 'org.springframework.transaction.annotation.ProxyTransactionManagementConfiguration' of type [org.springframework.transaction.annotation.ProxyTransactionManagementConfiguration] is not eligible for getting processed by all BeanPostProcessors (for example: not eligible for auto-proxying)
[2020-07-14 17:48:15:4853][main] INFO  o.s.c.s.PostProcessorRegistrationDelegate$BeanPostProcessorChecker - Bean 'org.springframework.cloud.autoconfigure.ConfigurationPropertiesRebinderAutoConfiguration' of type [org.springframework.cloud.autoconfigure.ConfigurationPropertiesRebinderAutoConfiguration$$EnhancerBySpringCGLIB$$9fbf01d0] is not eligible for getting processed by all BeanPostProcessors (for example: not eligible for auto-proxying)
[2020-07-14 17:48:16:5365][main] INFO  o.s.b.w.e.tomcat.TomcatWebServer - Tomcat initialized with port(s): 7500 (http)
[2020-07-14 17:48:16:5384][main] INFO  o.a.coyote.http11.Http11NioProtocol - Initializing ProtocolHandler ["http-nio-7500"]
[2020-07-14 17:48:16:5384][main] INFO  o.a.catalina.core.StandardService - Starting service [Tomcat]
[2020-07-14 17:48:16:5385][main] INFO  o.a.catalina.core.StandardEngine - Starting Servlet engine: [Apache Tomcat/9.0.27]
[2020-07-14 17:48:16:5701][main] INFO  o.a.c.c.C.[Tomcat].[localhost].[/] - Initializing Spring embedded WebApplicationContext
[2020-07-14 17:48:16:5702][main] INFO  o.s.web.context.ContextLoader - Root WebApplicationContext: initialization completed in 3629 ms
[2020-07-14 17:48:16:5702][main] INFO  o.s.web.context.ContextLoader - Root WebApplicationContext: initialization completed in 3629 ms
[2020-07-14 17:48:16:5852][main] WARN  c.n.c.s.URLConfigurationSource - No URLs will be polled as dynamic configuration sources.
[2020-07-14 17:48:16:5852][main] INFO  c.n.c.s.URLConfigurationSource - To enable URLs as dynamic configuration sources, define System property archaius.configurationSource.additionalUrls or make config.properties available on classpath.
[2020-07-14 17:48:16:5877][main] INFO  c.n.config.DynamicPropertyFactory - DynamicPropertyFactory is initialized with configuration sources: com.netflix.config.ConcurrentCompositeConfiguration@70cf7d1e
[2020-07-14 17:48:18:7868][main] WARN  c.n.c.s.URLConfigurationSource - No URLs will be polled as dynamic configuration sources.
[2020-07-14 17:48:18:7868][main] INFO  c.n.c.s.URLConfigurationSource - To enable URLs as dynamic configuration sources, define System property archaius.configurationSource.additionalUrls or make config.properties available on classpath.
[2020-07-14 17:48:19:8556][main] WARN  o.s.c.l.c.BlockingLoadBalancerClientAutoConfiguration$BlockingLoadBalancerClientRibbonWarnLogger - You already have RibbonLoadBalancerClient on your classpath. It will be used by default. As Spring Cloud Ribbon is in maintenance mode. We recommend switching to BlockingLoadBalancerClient instead. In order to use it, set the value of `spring.cloud.loadbalancer.ribbon.enabled` to `false` or remove spring-cloud-starter-netflix-ribbon from your project.
[2020-07-14 17:48:19:8635][main] INFO  o.s.b.a.e.web.EndpointLinksResolver - Exposing 18 endpoint(s) beneath base path '/actuator'
[2020-07-14 17:48:19:8702][main] INFO  o.s.c.n.eureka.InstanceInfoFactory - Setting initial instance status as: STARTING
[2020-07-14 17:48:19:8777][main] INFO  c.netflix.discovery.DiscoveryClient - Initializing Eureka in region us-east-1
[2020-07-14 17:48:19:9084][main] INFO  c.n.d.p.DiscoveryJerseyProvider - Using JSON encoding codec LegacyJacksonJson
[2020-07-14 17:48:19:9085][main] INFO  c.n.d.p.DiscoveryJerseyProvider - Using JSON decoding codec LegacyJacksonJson
[2020-07-14 17:48:20:9412][main] INFO  c.n.d.p.DiscoveryJerseyProvider - Using XML encoding codec XStreamXml
[2020-07-14 17:48:20:9413][main] INFO  c.n.d.p.DiscoveryJerseyProvider - Using XML decoding codec XStreamXml
[2020-07-14 17:48:20:9785][main] INFO  c.n.d.s.r.aws.ConfigClusterResolver - Resolving eureka endpoints via configuration
[2020-07-14 17:48:20:9825][main] INFO  c.netflix.discovery.DiscoveryClient - Disable delta property : false
[2020-07-14 17:48:20:9826][main] INFO  c.netflix.discovery.DiscoveryClient - Single vip registry refresh property : null
[2020-07-14 17:48:20:9826][main] INFO  c.netflix.discovery.DiscoveryClient - Force full registry fetch : false
[2020-07-14 17:48:20:9826][main] INFO  c.netflix.discovery.DiscoveryClient - Application is null : false
[2020-07-14 17:48:20:9827][main] INFO  c.netflix.discovery.DiscoveryClient - Registered Applications size is zero : true
[2020-07-14 17:48:20:9827][main] INFO  c.netflix.discovery.DiscoveryClient - Application version is -1: true
[2020-07-14 17:48:20:9827][main] INFO  c.netflix.discovery.DiscoveryClient - Getting all instance registry info from the eureka server
[2020-07-14 17:48:21:10187][main] INFO  c.netflix.discovery.DiscoveryClient - The response status is 200
[2020-07-14 17:48:21:10191][main] INFO  c.netflix.discovery.DiscoveryClient - Starting heartbeat executor: renew interval is: 30
[2020-07-14 17:48:21:10195][main] INFO  c.n.d.InstanceInfoReplicator - InstanceInfoReplicator onDemand update allowed rate per min is 4
[2020-07-14 17:48:21:10204][main] INFO  c.netflix.discovery.DiscoveryClient - Discovery Client initialized at timestamp 1594716501020 with initial instances count: 3
[2020-07-14 17:48:21:10209][main] INFO  o.s.c.n.e.s.EurekaServiceRegistry - Registering application IBIZ-SALES-REPORT with eureka with status UP
[2020-07-14 17:48:21:10210][main] INFO  c.netflix.discovery.DiscoveryClient - Saw local status change event StatusChangeEvent [timestamp=1594716501027, current=UP, previous=STARTING]
[2020-07-14 17:48:21:10213][DiscoveryClient-InstanceInfoReplicator-0] INFO  c.netflix.discovery.DiscoveryClient - DiscoveryClient_IBIZ-SALES-REPORT/sales-report-7500: registering service...
[2020-07-14 17:48:21:10237][main] INFO  o.a.coyote.http11.Http11NioProtocol - Starting ProtocolHandler ["http-nio-7500"]
[2020-07-14 17:48:21:10258][DiscoveryClient-InstanceInfoReplicator-0] INFO  c.netflix.discovery.DiscoveryClient - DiscoveryClient_IBIZ-SALES-REPORT/sales-report-7500 - registration status: 204
[2020-07-14 17:48:21:10278][main] INFO  o.s.b.w.e.tomcat.TomcatWebServer - Tomcat started on port(s): 7500 (http) with context path ''
[2020-07-14 17:48:21:10279][main] INFO  o.s.c.n.e.s.EurekaAutoServiceRegistration - Updating port to 7500
[2020-07-14 17:48:21:10327][main] INFO  com.ibiz.api.ApiApplication - Started ApiApplication in 10.041 seconds (JVM running for 10.881)
[2020-07-14 17:49:33:82252][http-nio-7500-exec-1] INFO  o.a.c.c.C.[Tomcat].[localhost].[/] - Initializing Spring DispatcherServlet 'dispatcherServlet'
[2020-07-14 17:49:33:82252][http-nio-7500-exec-1] INFO  o.s.web.servlet.DispatcherServlet - Initializing Servlet 'dispatcherServlet'
[2020-07-14 17:49:33:82252][http-nio-7500-exec-1] INFO  o.s.web.servlet.DispatcherServlet - Initializing Servlet 'dispatcherServlet'
[2020-07-14 17:49:33:82269][http-nio-7500-exec-1] INFO  o.s.web.servlet.DispatcherServlet - Completed initialization in 16 ms
[2020-07-14 17:49:33:82269][http-nio-7500-exec-1] INFO  o.s.web.servlet.DispatcherServlet - Completed initialization in 16 ms
[2020-07-14 17:49:33:82515][http-nio-7500-exec-1] INFO  io.lettuce.core.EpollProvider - Starting without optional epoll library
[2020-07-14 17:49:33:82519][http-nio-7500-exec-1] INFO  io.lettuce.core.KqueueProvider - Starting without optional kqueue library
[2020-07-14 17:49:33:82841][http-nio-7500-exec-1] INFO  c.i.a.controller.BizGoalController - Call Controller : com.ibiz.api.controller.BizGoalController.selectMaxCritYear
[2020-07-14 17:49:33:82858][http-nio-7500-exec-1] INFO  com.zaxxer.hikari.HikariDataSource - HikariPool-1 - Starting...
[2020-07-14 17:49:33:83101][http-nio-7500-exec-1] INFO  com.zaxxer.hikari.HikariDataSource - HikariPool-1 - Start completed.
[2020-07-14 17:49:33:83111][http-nio-7500-exec-1] INFO  com.ibiz.api.service.BizGoalService - Call Service : com.ibiz.api.service.BizGoalService.selectMaxCritYear
[2020-07-14 17:49:34:83461][http-nio-7500-exec-2] INFO  c.i.a.controller.BizGoalController - Call Controller : com.ibiz.api.controller.BizGoalController.selectMinMaxCritYear
[2020-07-14 17:49:34:83463][http-nio-7500-exec-2] INFO  com.ibiz.api.service.BizGoalService - Call Service : com.ibiz.api.service.BizGoalService.selectMinMaxCritYear
[2020-07-14 17:49:34:83602][http-nio-7500-exec-4] INFO  c.i.a.c.BizResultController - Call Controller : com.ibiz.api.controller.BizResultController.selectExpectDeptStatsList
[2020-07-14 17:49:34:83608][http-nio-7500-exec-4] INFO  c.ibiz.api.service.BizResultService - Call Service : com.ibiz.api.service.BizResultService.selectExpectDeptStatsList
[2020-07-14 17:49:34:83780][http-nio-7500-exec-3] INFO  c.i.a.c.BizResultController - Call Controller : com.ibiz.api.controller.BizResultController.selectMonthlyCompareStatsList
[2020-07-14 17:49:34:83784][http-nio-7500-exec-3] INFO  c.ibiz.api.service.BizResultService - Call Service : com.ibiz.api.service.BizResultService.selectMonthlyCompareStatsList
[2020-07-14 17:49:34:83876][http-nio-7500-exec-5] INFO  c.i.a.c.BizResultController - Call Controller : com.ibiz.api.controller.BizResultController.selectMonthlyCompareStatsList
[2020-07-14 17:49:34:83879][http-nio-7500-exec-5] INFO  c.ibiz.api.service.BizResultService - Call Service : com.ibiz.api.service.BizResultService.selectMonthlyCompareStatsList
[2020-07-14 17:49:47:96445][http-nio-7500-exec-6] INFO  c.i.a.controller.BizGoalController - Call Controller : com.ibiz.api.controller.BizGoalController.selectMaxCritYear
[2020-07-14 17:49:47:96450][http-nio-7500-exec-6] INFO  com.ibiz.api.service.BizGoalService - Call Service : com.ibiz.api.service.BizGoalService.selectMaxCritYear
[2020-07-14 17:49:47:96504][http-nio-7500-exec-7] INFO  c.i.a.controller.BizGoalController - Call Controller : com.ibiz.api.controller.BizGoalController.selectMinMaxCritYear
[2020-07-14 17:49:47:96506][http-nio-7500-exec-7] INFO  com.ibiz.api.service.BizGoalService - Call Service : com.ibiz.api.service.BizGoalService.selectMinMaxCritYear
[2020-07-14 17:49:47:96620][http-nio-7500-exec-8] INFO  c.i.a.c.BizResultController - Call Controller : com.ibiz.api.controller.BizResultController.selectExpectDeptStatsList
[2020-07-14 17:49:47:96623][http-nio-7500-exec-8] INFO  c.ibiz.api.service.BizResultService - Call Service : com.ibiz.api.service.BizResultService.selectExpectDeptStatsList
[2020-07-14 17:49:47:96733][http-nio-7500-exec-9] INFO  c.i.a.c.BizResultController - Call Controller : com.ibiz.api.controller.BizResultController.selectMonthlyCompareStatsList
[2020-07-14 17:49:47:96735][http-nio-7500-exec-9] INFO  c.ibiz.api.service.BizResultService - Call Service : com.ibiz.api.service.BizResultService.selectMonthlyCompareStatsList
[2020-07-14 17:49:47:96771][http-nio-7500-exec-10] INFO  c.i.a.c.BizResultController - Call Controller : com.ibiz.api.controller.BizResultController.selectMonthlyCompareStatsList
[2020-07-14 17:49:47:96775][http-nio-7500-exec-10] INFO  c.ibiz.api.service.BizResultService - Call Service : com.ibiz.api.service.BizResultService.selectMonthlyCompareStatsList
[2020-07-14 17:50:38:147862][http-nio-7500-exec-1] INFO  c.i.a.controller.BizGoalController - Call Controller : com.ibiz.api.controller.BizGoalController.selectMaxCritYear
[2020-07-14 17:50:38:147869][http-nio-7500-exec-1] INFO  com.ibiz.api.service.BizGoalService - Call Service : com.ibiz.api.service.BizGoalService.selectMaxCritYear
[2020-07-14 17:50:38:147918][http-nio-7500-exec-2] INFO  c.i.a.controller.BizGoalController - Call Controller : com.ibiz.api.controller.BizGoalController.selectMinMaxCritYear
[2020-07-14 17:50:38:147921][http-nio-7500-exec-2] INFO  com.ibiz.api.service.BizGoalService - Call Service : com.ibiz.api.service.BizGoalService.selectMinMaxCritYear
[2020-07-14 17:50:38:148057][http-nio-7500-exec-4] INFO  c.i.a.c.BizResultController - Call Controller : com.ibiz.api.controller.BizResultController.selectExpectDeptStatsList
[2020-07-14 17:50:38:148059][http-nio-7500-exec-4] INFO  c.ibiz.api.service.BizResultService - Call Service : com.ibiz.api.service.BizResultService.selectExpectDeptStatsList
[2020-07-14 17:50:38:148090][http-nio-7500-exec-3] INFO  c.i.a.c.BizResultController - Call Controller : com.ibiz.api.controller.BizResultController.selectMonthlyCompareStatsList
[2020-07-14 17:50:38:148092][http-nio-7500-exec-3] INFO  c.ibiz.api.service.BizResultService - Call Service : com.ibiz.api.service.BizResultService.selectMonthlyCompareStatsList
[2020-07-14 17:50:38:148119][http-nio-7500-exec-5] INFO  c.i.a.c.BizResultController - Call Controller : com.ibiz.api.controller.BizResultController.selectMonthlyCompareStatsList
[2020-07-14 17:50:38:148121][http-nio-7500-exec-5] INFO  c.ibiz.api.service.BizResultService - Call Service : com.ibiz.api.service.BizResultService.selectMonthlyCompareStatsList
[2020-07-14 17:51:02:171888][http-nio-7500-exec-6] INFO  c.i.a.controller.BizGoalController - Call Controller : com.ibiz.api.controller.BizGoalController.selectMaxCritYear
[2020-07-14 17:51:02:171899][http-nio-7500-exec-6] INFO  com.ibiz.api.service.BizGoalService - Call Service : com.ibiz.api.service.BizGoalService.selectMaxCritYear
[2020-07-14 17:51:02:171950][http-nio-7500-exec-7] INFO  c.i.a.controller.BizGoalController - Call Controller : com.ibiz.api.controller.BizGoalController.selectMinMaxCritYear
[2020-07-14 17:51:02:171952][http-nio-7500-exec-7] INFO  com.ibiz.api.service.BizGoalService - Call Service : com.ibiz.api.service.BizGoalService.selectMinMaxCritYear
[2020-07-14 17:51:02:172098][http-nio-7500-exec-8] INFO  c.i.a.c.BizResultController - Call Controller : com.ibiz.api.controller.BizResultController.selectExpectDeptStatsList
[2020-07-14 17:51:02:172101][http-nio-7500-exec-8] INFO  c.ibiz.api.service.BizResultService - Call Service : com.ibiz.api.service.BizResultService.selectExpectDeptStatsList
[2020-07-14 17:51:08:177219][http-nio-7500-exec-9] INFO  c.i.a.c.BizResultController - Call Controller : com.ibiz.api.controller.BizResultController.selectMonthlyCompareStatsList
[2020-07-14 17:51:08:177221][http-nio-7500-exec-9] INFO  c.ibiz.api.service.BizResultService - Call Service : com.ibiz.api.service.BizResultService.selectMonthlyCompareStatsList
[2020-07-14 17:51:08:177244][http-nio-7500-exec-10] INFO  c.i.a.c.BizResultController - Call Controller : com.ibiz.api.controller.BizResultController.selectMonthlyCompareStatsList
[2020-07-14 17:51:08:177245][http-nio-7500-exec-10] INFO  c.ibiz.api.service.BizResultService - Call Service : com.ibiz.api.service.BizResultService.selectMonthlyCompareStatsList
[2020-07-14 17:53:05:295180][http-nio-7500-exec-2] INFO  c.i.a.controller.BizGoalController - Call Controller : com.ibiz.api.controller.BizGoalController.selectMinMaxCritYear
[2020-07-14 17:53:06:295185][http-nio-7500-exec-2] INFO  com.ibiz.api.service.BizGoalService - Call Service : com.ibiz.api.service.BizGoalService.selectMinMaxCritYear
[2020-07-14 17:53:06:295299][http-nio-7500-exec-4] INFO  c.i.a.controller.BizGoalController - Call Controller : com.ibiz.api.controller.BizGoalController.selectMaxCritYear
[2020-07-14 17:53:06:295303][http-nio-7500-exec-4] INFO  com.ibiz.api.service.BizGoalService - Call Service : com.ibiz.api.service.BizGoalService.selectMaxCritYear
[2020-07-14 17:53:06:295364][http-nio-7500-exec-3] INFO  c.i.a.controller.BizGoalController - Call Controller : com.ibiz.api.controller.BizGoalController.selectMonthlyGoalList
[2020-07-14 17:53:06:295366][http-nio-7500-exec-3] INFO  com.ibiz.api.service.BizGoalService - Call Service : com.ibiz.api.service.BizGoalService.selectMonthlyGoalList
[2020-07-14 17:53:06:296028][http-nio-7500-exec-5] INFO  c.i.a.controller.BizGoalController - Call Controller : com.ibiz.api.controller.BizGoalController.selectIsAvlChgDate
[2020-07-14 17:53:06:296031][http-nio-7500-exec-5] INFO  com.ibiz.api.service.BizGoalService - Call Service : com.ibiz.api.service.BizGoalService.BizGoalSearchVO
[2020-07-14 17:53:20:309831][AsyncResolver-bootstrap-executor-0] INFO  c.n.d.s.r.aws.ConfigClusterResolver - Resolving eureka endpoints via configuration
[2020-07-14 17:53:26:316029][http-nio-7500-exec-6] INFO  c.i.a.controller.BizGoalController - Call Controller : com.ibiz.api.controller.BizGoalController.selectMinMaxCritYear
[2020-07-14 17:53:26:316032][http-nio-7500-exec-6] INFO  com.ibiz.api.service.BizGoalService - Call Service : com.ibiz.api.service.BizGoalService.selectMinMaxCritYear
[2020-07-14 17:53:26:316166][http-nio-7500-exec-7] INFO  c.i.a.controller.BizGoalController - Call Controller : com.ibiz.api.controller.BizGoalController.selectMaxCritYear
[2020-07-14 17:53:26:316174][http-nio-7500-exec-7] INFO  com.ibiz.api.service.BizGoalService - Call Service : com.ibiz.api.service.BizGoalService.selectMaxCritYear
[2020-07-14 17:53:27:316239][http-nio-7500-exec-8] INFO  c.i.a.controller.BizGoalController - Call Controller : com.ibiz.api.controller.BizGoalController.selectMonthlyGoalList
[2020-07-14 17:53:27:316241][http-nio-7500-exec-8] INFO  com.ibiz.api.service.BizGoalService - Call Service : com.ibiz.api.service.BizGoalService.selectMonthlyGoalList
[2020-07-14 17:53:27:316897][http-nio-7500-exec-9] INFO  c.i.a.controller.BizGoalController - Call Controller : com.ibiz.api.controller.BizGoalController.selectIsAvlChgDate
[2020-07-14 17:53:27:316906][http-nio-7500-exec-9] INFO  com.ibiz.api.service.BizGoalService - Call Service : com.ibiz.api.service.BizGoalService.BizGoalSearchVO
[2020-07-14 17:53:30:319566][http-nio-7500-exec-10] INFO  c.i.a.controller.BizGoalController - Call Controller : com.ibiz.api.controller.BizGoalController.selectMinMaxCritYear
[2020-07-14 17:53:30:319580][http-nio-7500-exec-10] INFO  com.ibiz.api.service.BizGoalService - Call Service : com.ibiz.api.service.BizGoalService.selectMinMaxCritYear
[2020-07-14 17:53:30:319700][http-nio-7500-exec-1] INFO  c.i.a.controller.BizGoalController - Call Controller : com.ibiz.api.controller.BizGoalController.selectMonthlyDeptStatsList
[2020-07-14 17:53:30:319702][http-nio-7500-exec-1] INFO  com.ibiz.api.service.BizGoalService - Call Service : com.ibiz.api.service.BizGoalService.selectMonthlyDeptStatsList
[2020-07-14 17:53:32:321983][http-nio-7500-exec-2] INFO  c.i.a.controller.BizGoalController - Call Controller : com.ibiz.api.controller.BizGoalController.selectMonthlyDeptStatsList
[2020-07-14 17:53:32:321987][http-nio-7500-exec-2] INFO  com.ibiz.api.service.BizGoalService - Call Service : com.ibiz.api.service.BizGoalService.selectMonthlyDeptStatsList
[2020-07-14 17:53:34:324084][http-nio-7500-exec-4] INFO  c.i.a.controller.BizGoalController - Call Controller : com.ibiz.api.controller.BizGoalController.selectMonthlyDeptStatsList
[2020-07-14 17:53:34:324087][http-nio-7500-exec-4] INFO  com.ibiz.api.service.BizGoalService - Call Service : com.ibiz.api.service.BizGoalService.selectMonthlyDeptStatsList
[2020-07-14 17:53:37:326321][http-nio-7500-exec-3] INFO  c.i.a.controller.BizGoalController - Call Controller : com.ibiz.api.controller.BizGoalController.selectMonthlyDeptStatsList
[2020-07-14 17:53:37:326324][http-nio-7500-exec-3] INFO  com.ibiz.api.service.BizGoalService - Call Service : com.ibiz.api.service.BizGoalService.selectMonthlyDeptStatsList
[2020-07-14 17:53:40:329482][http-nio-7500-exec-5] INFO  c.i.a.controller.BizGoalController - Call Controller : com.ibiz.api.controller.BizGoalController.selectMonthlyDeptStatsList
[2020-07-14 17:53:40:329485][http-nio-7500-exec-5] INFO  com.ibiz.api.service.BizGoalService - Call Service : com.ibiz.api.service.BizGoalService.selectMonthlyDeptStatsList
[2020-07-14 17:53:42:331521][http-nio-7500-exec-6] INFO  c.i.a.controller.BizGoalController - Call Controller : com.ibiz.api.controller.BizGoalController.selectMinMaxCritYear
[2020-07-14 17:53:42:331524][http-nio-7500-exec-6] INFO  com.ibiz.api.service.BizGoalService - Call Service : com.ibiz.api.service.BizGoalService.selectMinMaxCritYear
[2020-07-14 17:53:42:331665][http-nio-7500-exec-7] INFO  c.i.a.controller.BizGoalController - Call Controller : com.ibiz.api.controller.BizGoalController.selectMonthlyEmployeeStatsList
[2020-07-14 17:53:42:331667][http-nio-7500-exec-7] INFO  com.ibiz.api.service.BizGoalService - Call Service : com.ibiz.api.service.BizGoalService.selectMonthlyEmployeeStatsList
[2020-07-14 17:53:44:333308][http-nio-7500-exec-8] INFO  c.i.a.controller.BizGoalController - Call Controller : com.ibiz.api.controller.BizGoalController.selectMinMaxCritYear
[2020-07-14 17:53:44:333316][http-nio-7500-exec-8] INFO  com.ibiz.api.service.BizGoalService - Call Service : com.ibiz.api.service.BizGoalService.selectMinMaxCritYear
[2020-07-14 17:53:44:333441][http-nio-7500-exec-9] INFO  c.i.a.controller.BizGoalController - Call Controller : com.ibiz.api.controller.BizGoalController.selectMonthlyBizGroupStatsList
[2020-07-14 17:53:44:333444][http-nio-7500-exec-9] INFO  com.ibiz.api.service.BizGoalService - Call Service : com.ibiz.api.service.BizGoalService.selectMonthlyBizGroupStatsList
[2020-07-14 17:53:46:335292][http-nio-7500-exec-10] INFO  c.i.a.controller.BizGoalController - Call Controller : com.ibiz.api.controller.BizGoalController.selectMaxCritYear
[2020-07-14 17:53:46:335295][http-nio-7500-exec-10] INFO  com.ibiz.api.service.BizGoalService - Call Service : com.ibiz.api.service.BizGoalService.selectMaxCritYear
[2020-07-14 17:53:46:335327][http-nio-7500-exec-1] INFO  c.i.a.controller.BizGoalController - Call Controller : com.ibiz.api.controller.BizGoalController.selectMinMaxCritYear
[2020-07-14 17:53:46:335331][http-nio-7500-exec-1] INFO  com.ibiz.api.service.BizGoalService - Call Service : com.ibiz.api.service.BizGoalService.selectMinMaxCritYear
[2020-07-14 17:53:46:335478][http-nio-7500-exec-2] INFO  c.i.a.c.BizResultController - Call Controller : com.ibiz.api.controller.BizResultController.selectExpectDeptStatsList
[2020-07-14 17:53:46:335481][http-nio-7500-exec-2] INFO  c.ibiz.api.service.BizResultService - Call Service : com.ibiz.api.service.BizResultService.selectExpectDeptStatsList
[2020-07-14 17:53:46:335614][http-nio-7500-exec-4] INFO  c.i.a.c.BizResultController - Call Controller : com.ibiz.api.controller.BizResultController.selectMonthlyWork
[2020-07-14 17:53:46:335616][http-nio-7500-exec-4] INFO  c.ibiz.api.service.BizResultService - Call Service : com.ibiz.api.service.BizResultService.selectMonthlyWork
[2020-07-14 17:53:46:335637][http-nio-7500-exec-3] INFO  c.i.a.c.BizResultController - Call Controller : com.ibiz.api.controller.BizResultController.selectMonthlyCompareStatsList
[2020-07-14 17:53:46:335639][http-nio-7500-exec-3] INFO  c.ibiz.api.service.BizResultService - Call Service : com.ibiz.api.service.BizResultService.selectMonthlyCompareStatsList
[2020-07-14 17:53:46:335739][http-nio-7500-exec-5] INFO  c.i.a.c.BizResultController - Call Controller : com.ibiz.api.controller.BizResultController.selectMonthlyCompareStatsList
[2020-07-14 17:53:46:335741][http-nio-7500-exec-5] INFO  c.ibiz.api.service.BizResultService - Call Service : com.ibiz.api.service.BizResultService.selectMonthlyCompareStatsList
[2020-07-14 17:53:55:344407][http-nio-7500-exec-6] INFO  c.i.a.controller.BizGoalController - Call Controller : com.ibiz.api.controller.BizGoalController.selectMaxCritYear
[2020-07-14 17:53:55:344411][http-nio-7500-exec-6] INFO  com.ibiz.api.service.BizGoalService - Call Service : com.ibiz.api.service.BizGoalService.selectMaxCritYear
[2020-07-14 17:53:55:344467][http-nio-7500-exec-7] INFO  c.i.a.controller.BizGoalController - Call Controller : com.ibiz.api.controller.BizGoalController.selectMinMaxCritYear
[2020-07-14 17:53:55:344470][http-nio-7500-exec-7] INFO  com.ibiz.api.service.BizGoalService - Call Service : com.ibiz.api.service.BizGoalService.selectMinMaxCritYear
[2020-07-14 17:53:55:344588][http-nio-7500-exec-8] INFO  c.i.a.c.BizResultController - Call Controller : com.ibiz.api.controller.BizResultController.selectExpectEmployeeStatsList
[2020-07-14 17:53:55:344589][http-nio-7500-exec-8] INFO  c.ibiz.api.service.BizResultService - Call Service : com.ibiz.api.service.BizResultService.selectExpectEmployeeStatsList
[2020-07-14 17:54:00:349583][http-nio-7500-exec-9] INFO  c.i.a.controller.BizGoalController - Call Controller : com.ibiz.api.controller.BizGoalController.selectMaxCritYear
[2020-07-14 17:54:00:349588][http-nio-7500-exec-9] INFO  com.ibiz.api.service.BizGoalService - Call Service : com.ibiz.api.service.BizGoalService.selectMaxCritYear
[2020-07-14 17:54:00:349625][http-nio-7500-exec-10] INFO  c.i.a.controller.BizGoalController - Call Controller : com.ibiz.api.controller.BizGoalController.selectMinMaxCritYear
[2020-07-14 17:54:00:349627][http-nio-7500-exec-10] INFO  com.ibiz.api.service.BizGoalService - Call Service : com.ibiz.api.service.BizGoalService.selectMinMaxCritYear
[2020-07-14 17:54:00:349706][http-nio-7500-exec-1] INFO  c.i.a.c.BizResultController - Call Controller : com.ibiz.api.controller.BizResultController.selectExpectBizGroupStatsList
[2020-07-14 17:54:00:349708][http-nio-7500-exec-1] INFO  c.ibiz.api.service.BizResultService - Call Service : com.ibiz.api.service.BizResultService.selectExpectBizGroupStatsList
[2020-07-14 17:54:06:355686][http-nio-7500-exec-2] INFO  c.i.a.controller.BizGoalController - Call Controller : com.ibiz.api.controller.BizGoalController.selectMaxCritYear
[2020-07-14 17:54:06:355689][http-nio-7500-exec-2] INFO  com.ibiz.api.service.BizGoalService - Call Service : com.ibiz.api.service.BizGoalService.selectMaxCritYear
[2020-07-14 17:54:06:355730][http-nio-7500-exec-4] INFO  c.i.a.controller.BizGoalController - Call Controller : com.ibiz.api.controller.BizGoalController.selectMinMaxCritYear
[2020-07-14 17:54:06:355732][http-nio-7500-exec-4] INFO  com.ibiz.api.service.BizGoalService - Call Service : com.ibiz.api.service.BizGoalService.selectMinMaxCritYear
[2020-07-14 17:54:06:355827][http-nio-7500-exec-3] INFO  c.i.a.c.BizResultController - Call Controller : com.ibiz.api.controller.BizResultController.selectBsnsClsfList
[2020-07-14 17:54:06:355829][http-nio-7500-exec-3] INFO  c.ibiz.api.service.BizResultService - Call Service : com.ibiz.api.service.BizResultService.selectBsnsClsfList
[2020-07-14 17:54:06:355850][http-nio-7500-exec-5] INFO  c.i.a.c.BizResultController - Call Controller : com.ibiz.api.controller.BizResultController.selectExpectProdGroupStatsList
[2020-07-14 17:54:06:355852][http-nio-7500-exec-5] INFO  c.ibiz.api.service.BizResultService - Call Service : com.ibiz.api.service.BizResultService.selectExpectProdGroupStatsList
[2020-07-14 17:54:10:360043][http-nio-7500-exec-6] INFO  c.i.a.controller.BizGoalController - Call Controller : com.ibiz.api.controller.BizGoalController.selectMaxCritYear
[2020-07-14 17:54:10:360049][http-nio-7500-exec-6] INFO  com.ibiz.api.service.BizGoalService - Call Service : com.ibiz.api.service.BizGoalService.selectMaxCritYear
[2020-07-14 17:54:10:360122][http-nio-7500-exec-7] INFO  c.i.a.controller.BizGoalController - Call Controller : com.ibiz.api.controller.BizGoalController.selectMinMaxCritYear
[2020-07-14 17:54:10:360123][http-nio-7500-exec-7] INFO  com.ibiz.api.service.BizGoalService - Call Service : com.ibiz.api.service.BizGoalService.selectMinMaxCritYear
[2020-07-14 17:54:10:360149][http-nio-7500-exec-8] INFO  c.i.a.controller.BizGoalController - Call Controller : com.ibiz.api.controller.BizGoalController.selectMinMaxCritYear
[2020-07-14 17:54:10:360152][http-nio-7500-exec-8] INFO  com.ibiz.api.service.BizGoalService - Call Service : com.ibiz.api.service.BizGoalService.selectMinMaxCritYear
[2020-07-14 17:54:11:360264][http-nio-7500-exec-9] INFO  c.i.a.c.BizResultController - Call Controller : com.ibiz.api.controller.BizResultController.selectMonthlyCompareStatsList
[2020-07-14 17:54:11:360266][http-nio-7500-exec-9] INFO  c.ibiz.api.service.BizResultService - Call Service : com.ibiz.api.service.BizResultService.selectMonthlyCompareStatsList
[2020-07-14 17:54:11:360377][http-nio-7500-exec-10] INFO  c.i.a.c.BizResultController - Call Controller : com.ibiz.api.controller.BizResultController.selectMonthlyCompareStatsList
[2020-07-14 17:54:11:360379][http-nio-7500-exec-10] INFO  c.ibiz.api.service.BizResultService - Call Service : com.ibiz.api.service.BizResultService.selectMonthlyCompareStatsList
[2020-07-14 17:54:20:369396][http-nio-7500-exec-1] INFO  c.i.a.c.BizResultController - Call Controller : com.ibiz.api.controller.BizResultController.selectMonthlyCompareStatsList
[2020-07-14 17:54:20:369399][http-nio-7500-exec-1] INFO  c.ibiz.api.service.BizResultService - Call Service : com.ibiz.api.service.BizResultService.selectMonthlyCompareStatsList
[2020-07-14 17:54:20:369527][http-nio-7500-exec-2] INFO  c.i.a.c.BizResultController - Call Controller : com.ibiz.api.controller.BizResultController.selectMonthlyCompareStatsList
[2020-07-14 17:54:20:369528][http-nio-7500-exec-2] INFO  c.ibiz.api.service.BizResultService - Call Service : com.ibiz.api.service.BizResultService.selectMonthlyCompareStatsList
[2020-07-14 17:55:58:467248][http-nio-7500-exec-3] INFO  c.i.a.controller.BizGoalController - Call Controller : com.ibiz.api.controller.BizGoalController.selectMaxCritYear
[2020-07-14 17:55:58:467252][http-nio-7500-exec-3] INFO  com.ibiz.api.service.BizGoalService - Call Service : com.ibiz.api.service.BizGoalService.selectMaxCritYear
[2020-07-14 17:55:58:467289][http-nio-7500-exec-5] INFO  c.i.a.controller.BizGoalController - Call Controller : com.ibiz.api.controller.BizGoalController.selectMinMaxCritYear
[2020-07-14 17:55:58:467291][http-nio-7500-exec-5] INFO  com.ibiz.api.service.BizGoalService - Call Service : com.ibiz.api.service.BizGoalService.selectMinMaxCritYear
[2020-07-14 17:55:58:467427][http-nio-7500-exec-6] INFO  c.i.a.c.BizResultController - Call Controller : com.ibiz.api.controller.BizResultController.selectExpectDeptStatsList
[2020-07-14 17:55:58:467428][http-nio-7500-exec-6] INFO  c.ibiz.api.service.BizResultService - Call Service : com.ibiz.api.service.BizResultService.selectExpectDeptStatsList
[2020-07-14 17:55:58:467551][http-nio-7500-exec-7] INFO  c.i.a.c.BizResultController - Call Controller : com.ibiz.api.controller.BizResultController.selectMonthlyWork
[2020-07-14 17:55:58:467553][http-nio-7500-exec-7] INFO  c.ibiz.api.service.BizResultService - Call Service : com.ibiz.api.service.BizResultService.selectMonthlyWork
[2020-07-14 17:55:58:467584][http-nio-7500-exec-8] INFO  c.i.a.c.BizResultController - Call Controller : com.ibiz.api.controller.BizResultController.selectMonthlyCompareStatsList
[2020-07-14 17:55:58:467586][http-nio-7500-exec-8] INFO  c.ibiz.api.service.BizResultService - Call Service : com.ibiz.api.service.BizResultService.selectMonthlyCompareStatsList
[2020-07-14 17:55:58:467686][http-nio-7500-exec-9] INFO  c.i.a.c.BizResultController - Call Controller : com.ibiz.api.controller.BizResultController.selectMonthlyCompareStatsList
[2020-07-14 17:55:58:467687][http-nio-7500-exec-9] INFO  c.ibiz.api.service.BizResultService - Call Service : com.ibiz.api.service.BizResultService.selectMonthlyCompareStatsList
[2020-07-14 17:56:08:477402][http-nio-7500-exec-10] INFO  c.i.a.controller.BizGoalController - Call Controller : com.ibiz.api.controller.BizGoalController.selectMaxCritYear
[2020-07-14 17:56:08:477408][http-nio-7500-exec-10] INFO  com.ibiz.api.service.BizGoalService - Call Service : com.ibiz.api.service.BizGoalService.selectMaxCritYear
[2020-07-14 17:56:08:477494][http-nio-7500-exec-1] INFO  c.i.a.controller.BizGoalController - Call Controller : com.ibiz.api.controller.BizGoalController.selectMinMaxCritYear
[2020-07-14 17:56:08:477496][http-nio-7500-exec-1] INFO  com.ibiz.api.service.BizGoalService - Call Service : com.ibiz.api.service.BizGoalService.selectMinMaxCritYear
[2020-07-14 17:56:08:477691][http-nio-7500-exec-2] INFO  c.i.a.c.BizResultController - Call Controller : com.ibiz.api.controller.BizResultController.selectExpectDeptStatsList
[2020-07-14 17:56:08:477694][http-nio-7500-exec-2] INFO  c.ibiz.api.service.BizResultService - Call Service : com.ibiz.api.service.BizResultService.selectExpectDeptStatsList
[2020-07-14 17:56:08:477853][http-nio-7500-exec-4] INFO  c.i.a.c.BizResultController - Call Controller : com.ibiz.api.controller.BizResultController.selectMonthlyWork
[2020-07-14 17:56:08:477855][http-nio-7500-exec-4] INFO  c.ibiz.api.service.BizResultService - Call Service : com.ibiz.api.service.BizResultService.selectMonthlyWork
[2020-07-14 17:56:35:504944][http-nio-7500-exec-3] INFO  c.i.a.controller.BizGoalController - Call Controller : com.ibiz.api.controller.BizGoalController.selectMaxCritYear
[2020-07-14 17:56:35:504951][http-nio-7500-exec-3] INFO  com.ibiz.api.service.BizGoalService - Call Service : com.ibiz.api.service.BizGoalService.selectMaxCritYear
[2020-07-14 17:56:35:505024][http-nio-7500-exec-5] INFO  c.i.a.controller.BizGoalController - Call Controller : com.ibiz.api.controller.BizGoalController.selectMinMaxCritYear
[2020-07-14 17:56:35:505026][http-nio-7500-exec-5] INFO  com.ibiz.api.service.BizGoalService - Call Service : com.ibiz.api.service.BizGoalService.selectMinMaxCritYear
[2020-07-14 17:56:36:505208][http-nio-7500-exec-6] INFO  c.i.a.c.BizResultController - Call Controller : com.ibiz.api.controller.BizResultController.selectExpectDeptStatsList
[2020-07-14 17:56:36:505209][http-nio-7500-exec-6] INFO  c.ibiz.api.service.BizResultService - Call Service : com.ibiz.api.service.BizResultService.selectExpectDeptStatsList
[2020-07-14 17:56:36:505360][http-nio-7500-exec-7] INFO  c.i.a.c.BizResultController - Call Controller : com.ibiz.api.controller.BizResultController.selectMonthlyWork
[2020-07-14 17:56:36:505362][http-nio-7500-exec-7] INFO  c.ibiz.api.service.BizResultService - Call Service : com.ibiz.api.service.BizResultService.selectMonthlyWork
[2020-07-14 17:56:40:509835][http-nio-7500-exec-8] INFO  c.i.a.controller.BizGoalController - Call Controller : com.ibiz.api.controller.BizGoalController.selectMaxCritYear
[2020-07-14 17:56:40:509840][http-nio-7500-exec-8] INFO  com.ibiz.api.service.BizGoalService - Call Service : com.ibiz.api.service.BizGoalService.selectMaxCritYear
[2020-07-14 17:56:40:509885][http-nio-7500-exec-9] INFO  c.i.a.controller.BizGoalController - Call Controller : com.ibiz.api.controller.BizGoalController.selectMinMaxCritYear
[2020-07-14 17:56:40:509886][http-nio-7500-exec-9] INFO  com.ibiz.api.service.BizGoalService - Call Service : com.ibiz.api.service.BizGoalService.selectMinMaxCritYear
[2020-07-14 17:56:40:510019][http-nio-7500-exec-10] INFO  c.i.a.c.BizResultController - Call Controller : com.ibiz.api.controller.BizResultController.selectExpectDeptStatsList
[2020-07-14 17:56:40:510022][http-nio-7500-exec-10] INFO  c.ibiz.api.service.BizResultService - Call Service : com.ibiz.api.service.BizResultService.selectExpectDeptStatsList
[2020-07-14 17:56:40:510139][http-nio-7500-exec-1] INFO  c.i.a.c.BizResultController - Call Controller : com.ibiz.api.controller.BizResultController.selectMonthlyWork
[2020-07-14 17:56:40:510141][http-nio-7500-exec-1] INFO  c.ibiz.api.service.BizResultService - Call Service : com.ibiz.api.service.BizResultService.selectMonthlyWork
[2020-07-14 17:56:44:514020][http-nio-7500-exec-2] INFO  c.i.a.c.BizResultController - Call Controller : com.ibiz.api.controller.BizResultController.selectMonthlyCompareStatsList
[2020-07-14 17:56:44:514024][http-nio-7500-exec-2] INFO  c.ibiz.api.service.BizResultService - Call Service : com.ibiz.api.service.BizResultService.selectMonthlyCompareStatsList
[2020-07-14 17:56:44:514182][http-nio-7500-exec-4] INFO  c.i.a.c.BizResultController - Call Controller : com.ibiz.api.controller.BizResultController.selectMonthlyCompareStatsList
[2020-07-14 17:56:45:514183][http-nio-7500-exec-4] INFO  c.ibiz.api.service.BizResultService - Call Service : com.ibiz.api.service.BizResultService.selectMonthlyCompareStatsList
[2020-07-14 17:57:10:539570][http-nio-7500-exec-3] INFO  c.i.a.controller.BizGoalController - Call Controller : com.ibiz.api.controller.BizGoalController.selectMaxCritYear
[2020-07-14 17:57:10:539574][http-nio-7500-exec-3] INFO  com.ibiz.api.service.BizGoalService - Call Service : com.ibiz.api.service.BizGoalService.selectMaxCritYear
[2020-07-14 17:57:10:539625][http-nio-7500-exec-5] INFO  c.i.a.controller.BizGoalController - Call Controller : com.ibiz.api.controller.BizGoalController.selectMinMaxCritYear
[2020-07-14 17:57:10:539627][http-nio-7500-exec-5] INFO  com.ibiz.api.service.BizGoalService - Call Service : com.ibiz.api.service.BizGoalService.selectMinMaxCritYear
[2020-07-14 17:57:10:539696][http-nio-7500-exec-6] INFO  c.i.a.c.BizResultController - Call Controller : com.ibiz.api.controller.BizResultController.selectExpectDeptStatsList
[2020-07-14 17:57:10:539698][http-nio-7500-exec-6] INFO  c.ibiz.api.service.BizResultService - Call Service : com.ibiz.api.service.BizResultService.selectExpectDeptStatsList
[2020-07-14 17:57:10:539819][http-nio-7500-exec-7] INFO  c.i.a.c.BizResultController - Call Controller : com.ibiz.api.controller.BizResultController.selectMonthlyWork
[2020-07-14 17:57:10:539821][http-nio-7500-exec-7] INFO  c.ibiz.api.service.BizResultService - Call Service : com.ibiz.api.service.BizResultService.selectMonthlyWork
[2020-07-14 17:57:10:539851][http-nio-7500-exec-8] INFO  c.i.a.c.BizResultController - Call Controller : com.ibiz.api.controller.BizResultController.selectMonthlyCompareStatsList
[2020-07-14 17:57:10:539852][http-nio-7500-exec-8] INFO  c.ibiz.api.service.BizResultService - Call Service : com.ibiz.api.service.BizResultService.selectMonthlyCompareStatsList
[2020-07-14 17:57:10:539952][http-nio-7500-exec-9] INFO  c.i.a.c.BizResultController - Call Controller : com.ibiz.api.controller.BizResultController.selectMonthlyCompareStatsList
[2020-07-14 17:57:10:539953][http-nio-7500-exec-9] INFO  c.ibiz.api.service.BizResultService - Call Service : com.ibiz.api.service.BizResultService.selectMonthlyCompareStatsList
[2020-07-14 17:57:39:568502][http-nio-7500-exec-10] INFO  c.i.a.controller.BizGoalController - Call Controller : com.ibiz.api.controller.BizGoalController.selectMaxCritYear
[2020-07-14 17:57:39:568506][http-nio-7500-exec-10] INFO  com.ibiz.api.service.BizGoalService - Call Service : com.ibiz.api.service.BizGoalService.selectMaxCritYear
[2020-07-14 17:57:39:568555][http-nio-7500-exec-1] INFO  c.i.a.controller.BizGoalController - Call Controller : com.ibiz.api.controller.BizGoalController.selectMinMaxCritYear
[2020-07-14 17:57:39:568558][http-nio-7500-exec-1] INFO  com.ibiz.api.service.BizGoalService - Call Service : com.ibiz.api.service.BizGoalService.selectMinMaxCritYear
[2020-07-14 17:57:39:568669][http-nio-7500-exec-2] INFO  c.i.a.c.BizResultController - Call Controller : com.ibiz.api.controller.BizResultController.selectExpectDeptStatsList
[2020-07-14 17:57:39:568670][http-nio-7500-exec-2] INFO  c.ibiz.api.service.BizResultService - Call Service : com.ibiz.api.service.BizResultService.selectExpectDeptStatsList
[2020-07-14 17:57:39:568800][http-nio-7500-exec-4] INFO  c.i.a.c.BizResultController - Call Controller : com.ibiz.api.controller.BizResultController.selectMonthlyWork
[2020-07-14 17:57:39:568801][http-nio-7500-exec-4] INFO  c.ibiz.api.service.BizResultService - Call Service : com.ibiz.api.service.BizResultService.selectMonthlyWork
[2020-07-14 17:57:39:568828][http-nio-7500-exec-3] INFO  c.i.a.c.BizResultController - Call Controller : com.ibiz.api.controller.BizResultController.selectMonthlyCompareStatsList
[2020-07-14 17:57:39:568829][http-nio-7500-exec-3] INFO  c.ibiz.api.service.BizResultService - Call Service : com.ibiz.api.service.BizResultService.selectMonthlyCompareStatsList
[2020-07-14 17:57:39:568925][http-nio-7500-exec-5] INFO  c.i.a.c.BizResultController - Call Controller : com.ibiz.api.controller.BizResultController.selectMonthlyCompareStatsList
[2020-07-14 17:57:39:568930][http-nio-7500-exec-5] INFO  c.ibiz.api.service.BizResultService - Call Service : com.ibiz.api.service.BizResultService.selectMonthlyCompareStatsList
[2020-07-14 17:58:20:609833][AsyncResolver-bootstrap-executor-0] INFO  c.n.d.s.r.aws.ConfigClusterResolver - Resolving eureka endpoints via configuration
[2020-07-14 18:00:06:715968][http-nio-7500-exec-7] INFO  c.i.a.controller.BizGoalController - Call Controller : com.ibiz.api.controller.BizGoalController.selectMaxCritYear
[2020-07-14 18:00:06:715973][http-nio-7500-exec-7] INFO  com.ibiz.api.service.BizGoalService - Call Service : com.ibiz.api.service.BizGoalService.selectMaxCritYear
[2020-07-14 18:00:06:716023][http-nio-7500-exec-8] INFO  c.i.a.controller.BizGoalController - Call Controller : com.ibiz.api.controller.BizGoalController.selectMinMaxCritYear
[2020-07-14 18:00:06:716025][http-nio-7500-exec-8] INFO  com.ibiz.api.service.BizGoalService - Call Service : com.ibiz.api.service.BizGoalService.selectMinMaxCritYear
[2020-07-14 18:00:07:716194][http-nio-7500-exec-9] INFO  c.i.a.c.BizResultController - Call Controller : com.ibiz.api.controller.BizResultController.selectExpectDeptStatsList
[2020-07-14 18:00:07:716196][http-nio-7500-exec-9] INFO  c.ibiz.api.service.BizResultService - Call Service : com.ibiz.api.service.BizResultService.selectExpectDeptStatsList
[2020-07-14 18:00:07:716322][http-nio-7500-exec-10] INFO  c.i.a.c.BizResultController - Call Controller : com.ibiz.api.controller.BizResultController.selectMonthlyWork
[2020-07-14 18:00:07:716323][http-nio-7500-exec-10] INFO  c.ibiz.api.service.BizResultService - Call Service : com.ibiz.api.service.BizResultService.selectMonthlyWork
[2020-07-14 18:00:07:716350][http-nio-7500-exec-1] INFO  c.i.a.c.BizResultController - Call Controller : com.ibiz.api.controller.BizResultController.selectMonthlyCompareStatsList
[2020-07-14 18:00:07:716351][http-nio-7500-exec-1] INFO  c.ibiz.api.service.BizResultService - Call Service : com.ibiz.api.service.BizResultService.selectMonthlyCompareStatsList
[2020-07-14 18:00:07:716479][http-nio-7500-exec-2] INFO  c.i.a.c.BizResultController - Call Controller : com.ibiz.api.controller.BizResultController.selectMonthlyCompareStatsList
[2020-07-14 18:00:07:716480][http-nio-7500-exec-2] INFO  c.ibiz.api.service.BizResultService - Call Service : com.ibiz.api.service.BizResultService.selectMonthlyCompareStatsList
[2020-07-14 18:00:25:734185][http-nio-7500-exec-4] INFO  c.i.a.controller.BizGoalController - Call Controller : com.ibiz.api.controller.BizGoalController.selectMaxCritYear
[2020-07-14 18:00:25:734188][http-nio-7500-exec-4] INFO  com.ibiz.api.service.BizGoalService - Call Service : com.ibiz.api.service.BizGoalService.selectMaxCritYear
[2020-07-14 18:00:25:734226][http-nio-7500-exec-3] INFO  c.i.a.controller.BizGoalController - Call Controller : com.ibiz.api.controller.BizGoalController.selectMinMaxCritYear
[2020-07-14 18:00:25:734228][http-nio-7500-exec-3] INFO  com.ibiz.api.service.BizGoalService - Call Service : com.ibiz.api.service.BizGoalService.selectMinMaxCritYear
[2020-07-14 18:00:25:734403][http-nio-7500-exec-5] INFO  c.i.a.c.BizResultController - Call Controller : com.ibiz.api.controller.BizResultController.selectExpectDeptStatsList
[2020-07-14 18:00:25:734404][http-nio-7500-exec-5] INFO  c.ibiz.api.service.BizResultService - Call Service : com.ibiz.api.service.BizResultService.selectExpectDeptStatsList
[2020-07-14 18:00:25:734520][http-nio-7500-exec-6] INFO  c.i.a.c.BizResultController - Call Controller : com.ibiz.api.controller.BizResultController.selectMonthlyWork
[2020-07-14 18:00:25:734522][http-nio-7500-exec-6] INFO  c.ibiz.api.service.BizResultService - Call Service : com.ibiz.api.service.BizResultService.selectMonthlyWork
[2020-07-14 18:00:25:734549][http-nio-7500-exec-7] INFO  c.i.a.c.BizResultController - Call Controller : com.ibiz.api.controller.BizResultController.selectMonthlyCompareStatsList
[2020-07-14 18:00:25:734550][http-nio-7500-exec-7] INFO  c.ibiz.api.service.BizResultService - Call Service : com.ibiz.api.service.BizResultService.selectMonthlyCompareStatsList
[2020-07-14 18:00:25:734662][http-nio-7500-exec-8] INFO  c.i.a.c.BizResultController - Call Controller : com.ibiz.api.controller.BizResultController.selectMonthlyCompareStatsList
[2020-07-14 18:00:25:734668][http-nio-7500-exec-8] INFO  c.ibiz.api.service.BizResultService - Call Service : com.ibiz.api.service.BizResultService.selectMonthlyCompareStatsList
[2020-07-14 18:03:20:909835][AsyncResolver-bootstrap-executor-0] INFO  c.n.d.s.r.aws.ConfigClusterResolver - Resolving eureka endpoints via configuration
[2020-07-14 18:08:20:1209837][AsyncResolver-bootstrap-executor-0] INFO  c.n.d.s.r.aws.ConfigClusterResolver - Resolving eureka endpoints via configuration
[2020-07-14 18:08:39:1228797][http-nio-7500-exec-10] INFO  c.i.a.controller.BizGoalController - Call Controller : com.ibiz.api.controller.BizGoalController.selectMaxCritYear
[2020-07-14 18:08:39:1228831][http-nio-7500-exec-10] INFO  com.ibiz.api.service.BizGoalService - Call Service : com.ibiz.api.service.BizGoalService.selectMaxCritYear
[2020-07-14 18:08:39:1228882][http-nio-7500-exec-1] INFO  c.i.a.controller.BizGoalController - Call Controller : com.ibiz.api.controller.BizGoalController.selectMinMaxCritYear
[2020-07-14 18:08:39:1228884][http-nio-7500-exec-1] INFO  com.ibiz.api.service.BizGoalService - Call Service : com.ibiz.api.service.BizGoalService.selectMinMaxCritYear
[2020-07-14 18:08:39:1229000][http-nio-7500-exec-2] INFO  c.i.a.c.BizResultController - Call Controller : com.ibiz.api.controller.BizResultController.selectExpectDeptStatsList
[2020-07-14 18:08:39:1229001][http-nio-7500-exec-2] INFO  c.ibiz.api.service.BizResultService - Call Service : com.ibiz.api.service.BizResultService.selectExpectDeptStatsList
[2020-07-14 18:08:39:1229130][http-nio-7500-exec-4] INFO  c.i.a.c.BizResultController - Call Controller : com.ibiz.api.controller.BizResultController.selectMonthlyWork
[2020-07-14 18:08:39:1229131][http-nio-7500-exec-4] INFO  c.ibiz.api.service.BizResultService - Call Service : com.ibiz.api.service.BizResultService.selectMonthlyWork
[2020-07-14 18:08:39:1229157][http-nio-7500-exec-3] INFO  c.i.a.c.BizResultController - Call Controller : com.ibiz.api.controller.BizResultController.selectMonthlyCompareStatsList
[2020-07-14 18:08:39:1229158][http-nio-7500-exec-3] INFO  c.ibiz.api.service.BizResultService - Call Service : com.ibiz.api.service.BizResultService.selectMonthlyCompareStatsList
[2020-07-14 18:08:40:1229261][http-nio-7500-exec-5] INFO  c.i.a.c.BizResultController - Call Controller : com.ibiz.api.controller.BizResultController.selectMonthlyCompareStatsList
[2020-07-14 18:08:40:1229262][http-nio-7500-exec-5] INFO  c.ibiz.api.service.BizResultService - Call Service : com.ibiz.api.service.BizResultService.selectMonthlyCompareStatsList
[2020-07-14 18:08:42:1231850][http-nio-7500-exec-6] INFO  c.i.a.c.BizResultController - Call Controller : com.ibiz.api.controller.BizResultController.selectSalesReportList
[2020-07-14 18:08:42:1231853][http-nio-7500-exec-6] INFO  c.ibiz.api.service.BizResultService - Call Service : com.ibiz.api.service.BizResultService.selectSalesReportList
[2020-07-14 18:08:47:1237135][http-nio-7500-exec-7] INFO  c.i.a.c.BizResultController - Call Controller : com.ibiz.api.controller.BizResultController.selectSalesReportList
[2020-07-14 18:08:47:1237138][http-nio-7500-exec-7] INFO  c.ibiz.api.service.BizResultService - Call Service : com.ibiz.api.service.BizResultService.selectSalesReportList
[2020-07-14 18:08:51:1240483][http-nio-7500-exec-8] INFO  c.i.a.c.BizResultController - Call Controller : com.ibiz.api.controller.BizResultController.selectSalesReportList
[2020-07-14 18:08:51:1240486][http-nio-7500-exec-8] INFO  c.ibiz.api.service.BizResultService - Call Service : com.ibiz.api.service.BizResultService.selectSalesReportList
[2020-07-14 18:13:09:1498349][http-nio-7500-exec-10] INFO  c.i.a.controller.BizGoalController - Call Controller : com.ibiz.api.controller.BizGoalController.selectMaxCritYear
[2020-07-14 18:13:09:1498352][http-nio-7500-exec-10] INFO  com.ibiz.api.service.BizGoalService - Call Service : com.ibiz.api.service.BizGoalService.selectMaxCritYear
[2020-07-14 18:13:09:1498409][http-nio-7500-exec-1] INFO  c.i.a.controller.BizGoalController - Call Controller : com.ibiz.api.controller.BizGoalController.selectMinMaxCritYear
[2020-07-14 18:13:09:1498410][http-nio-7500-exec-1] INFO  com.ibiz.api.service.BizGoalService - Call Service : com.ibiz.api.service.BizGoalService.selectMinMaxCritYear
[2020-07-14 18:13:09:1498581][http-nio-7500-exec-2] INFO  c.i.a.c.BizResultController - Call Controller : com.ibiz.api.controller.BizResultController.selectExpectDeptStatsList
[2020-07-14 18:13:09:1498583][http-nio-7500-exec-2] INFO  c.ibiz.api.service.BizResultService - Call Service : com.ibiz.api.service.BizResultService.selectExpectDeptStatsList
[2020-07-14 18:13:09:1498694][http-nio-7500-exec-4] INFO  c.i.a.c.BizResultController - Call Controller : com.ibiz.api.controller.BizResultController.selectMonthlyWork
[2020-07-14 18:13:09:1498695][http-nio-7500-exec-4] INFO  c.ibiz.api.service.BizResultService - Call Service : com.ibiz.api.service.BizResultService.selectMonthlyWork
[2020-07-14 18:13:09:1498723][http-nio-7500-exec-3] INFO  c.i.a.c.BizResultController - Call Controller : com.ibiz.api.controller.BizResultController.selectMonthlyCompareStatsList
[2020-07-14 18:13:09:1498724][http-nio-7500-exec-3] INFO  c.ibiz.api.service.BizResultService - Call Service : com.ibiz.api.service.BizResultService.selectMonthlyCompareStatsList
[2020-07-14 18:13:09:1498820][http-nio-7500-exec-5] INFO  c.i.a.c.BizResultController - Call Controller : com.ibiz.api.controller.BizResultController.selectMonthlyCompareStatsList
[2020-07-14 18:13:09:1498821][http-nio-7500-exec-5] INFO  c.ibiz.api.service.BizResultService - Call Service : com.ibiz.api.service.BizResultService.selectMonthlyCompareStatsList
[2020-07-14 18:13:11:1500943][http-nio-7500-exec-6] INFO  c.i.a.c.BizResultController - Call Controller : com.ibiz.api.controller.BizResultController.selectSalesReportList
[2020-07-14 18:13:11:1500946][http-nio-7500-exec-6] INFO  c.ibiz.api.service.BizResultService - Call Service : com.ibiz.api.service.BizResultService.selectSalesReportList
[2020-07-14 18:13:13:1502893][http-nio-7500-exec-7] INFO  c.i.a.c.BizResultController - Call Controller : com.ibiz.api.controller.BizResultController.selectSalesReportList
[2020-07-14 18:13:13:1502896][http-nio-7500-exec-7] INFO  c.ibiz.api.service.BizResultService - Call Service : com.ibiz.api.service.BizResultService.selectSalesReportList
[2020-07-14 18:13:20:1509839][AsyncResolver-bootstrap-executor-0] INFO  c.n.d.s.r.aws.ConfigClusterResolver - Resolving eureka endpoints via configuration
